app/build/intermediates/manifest_merge_blame_file/debug/manifest-merger-blame-debug-report.txt
1<?xml version="1.0" encoding="utf-8"?>
2<manifest xmlns:android="http://schemas.android.com/apk/res/android"
3    package="com.example.getfit"
4    android:versionCode="1"
5    android:versionName="1.0" >
6
7    <uses-sdk
8        android:minSdkVersion="16"
8-->src\main\AndroidManifest.xml
9        android:targetSdkVersion="30" />
9-->src\main\AndroidManifest.xml
10
11    <uses-permission android:name="android.permission.INTERNET" />
11-->[com.google.firebase:firebase-auth:20.0.3] AndroidManifest.xml:23:5-67
11-->[com.google.firebase:firebase-auth:20.0.3] AndroidManifest.xml:23:22-64
12    <uses-permission android:name="android.permission.ACCESS_NETWORK_STATE" />
12-->[com.google.firebase:firebase-auth:20.0.3] AndroidManifest.xml:24:5-79
12-->[com.google.firebase:firebase-auth:20.0.3] AndroidManifest.xml:24:22-76
13    <uses-permission android:name="android.permission.WAKE_LOCK" />
13-->[com.google.android.gms:play-services-measurement-api:18.0.2] AndroidManifest.xml:24:5-68
13-->[com.google.android.gms:play-services-measurement-api:18.0.2] AndroidManifest.xml:24:22-65
14    <uses-permission android:name="com.google.android.finsky.permission.BIND_GET_INSTALL_REFERRER_SERVICE" />
14-->[com.google.android.gms:play-services-measurement:18.0.2] AndroidManifest.xml:26:5-110
14-->[com.google.android.gms:play-services-measurement:18.0.2] AndroidManifest.xml:26:22-107
15
16    <application
16-->src\main\AndroidManifest.xml:5:5-29:19
17        android:allowBackup="true"
17-->src\main\AndroidManifest.xml:6:9-35
18        android:appComponentFactory="androidx.core.app.CoreComponentFactory"
18-->[androidx.core:core:1.3.1] AndroidManifest.xml:24:18-86
19        android:debuggable="true"
20        android:icon="@mipmap/ic_launcher"
20-->src\main\AndroidManifest.xml:7:9-43
21        android:label="@string/app_name"
21-->src\main\AndroidManifest.xml:8:9-41
22        android:roundIcon="@mipmap/ic_launcher_round"
22-->src\main\AndroidManifest.xml:9:9-54
23        android:supportsRtl="true"
23-->src\main\AndroidManifest.xml:10:9-35
24        android:theme="@style/Theme.Getfit" >
24-->src\main\AndroidManifest.xml:11:9-44
25        <activity android:name="com.example.getfit.workoutobese" />
25-->src\main\AndroidManifest.xml:12:9-59
25-->src\main\AndroidManifest.xml:12:19-47
26        <activity android:name="com.example.getfit.workoutover" />
26-->src\main\AndroidManifest.xml:13:9-49
26-->src\main\AndroidManifest.xml:13:19-46
27        <activity android:name="com.example.getfit.homepage" />
27-->src\main\AndroidManifest.xml:14:9-46
27-->src\main\AndroidManifest.xml:14:19-43
28        <activity android:name="com.example.getfit.fitwork" />
28-->src\main\AndroidManifest.xml:15:9-45
28-->src\main\AndroidManifest.xml:15:19-42
29        <activity android:name="com.example.getfit.obese" />
29-->src\main\AndroidManifest.xml:16:9-43
29-->src\main\AndroidManifest.xml:16:19-40
30        <activity android:name="com.example.getfit.overweight" />
30-->src\main\AndroidManifest.xml:17:9-48
30-->src\main\AndroidManifest.xml:17:19-45
31        <activity android:name="com.example.getfit.fit" />
31-->src\main\AndroidManifest.xml:18:9-41
31-->src\main\AndroidManifest.xml:18:19-38
32        <activity android:name="com.example.getfit.underweight" />
32-->src\main\AndroidManifest.xml:19:9-49
32-->src\main\AndroidManifest.xml:19:19-46
33        <activity android:name="com.example.getfit.userhome" />
33-->src\main\AndroidManifest.xml:20:9-46
33-->src\main\AndroidManifest.xml:20:19-43
34        <activity android:name="com.example.getfit.loginpage" />
34-->src\main\AndroidManifest.xml:21:9-47
34-->src\main\AndroidManifest.xml:21:19-44
35        <activity android:name="com.example.getfit.MainActivity" >
35-->src\main\AndroidManifest.xml:22:9-28:20
35-->src\main\AndroidManifest.xml:22:19-47
36            <intent-filter>
36-->src\main\AndroidManifest.xml:23:13-27:29
37                <action android:name="android.intent.action.MAIN" />
37-->src\main\AndroidManifest.xml:24:17-69
37-->src\main\AndroidManifest.xml:24:25-66
38
39                <category android:name="android.intent.category.LAUNCHER" />
39-->src\main\AndroidManifest.xml:26:17-77
39-->src\main\AndroidManifest.xml:26:27-74
40            </intent-filter>
41        </activity>
42        <activity
42-->[com.google.firebase:firebase-auth:20.0.3] AndroidManifest.xml:27:9-44:20
43            android:name="com.google.firebase.auth.internal.GenericIdpActivity"
43-->[com.google.firebase:firebase-auth:20.0.3] AndroidManifest.xml:28:13-80
44            android:excludeFromRecents="true"
44-->[com.google.firebase:firebase-auth:20.0.3] AndroidManifest.xml:29:13-46
45            android:exported="true"
45-->[com.google.firebase:firebase-auth:20.0.3] AndroidManifest.xml:30:13-36
46            android:launchMode="singleTask"
46-->[com.google.firebase:firebase-auth:20.0.3] AndroidManifest.xml:31:13-44
47            android:theme="@android:style/Theme.Translucent.NoTitleBar" >
47-->[com.google.firebase:firebase-auth:20.0.3] AndroidManifest.xml:32:13-72
48            <intent-filter>
48-->[com.google.firebase:firebase-auth:20.0.3] AndroidManifest.xml:33:13-43:29
49                <action android:name="android.intent.action.VIEW" />
49-->[com.google.firebase:firebase-auth:20.0.3] AndroidManifest.xml:34:17-69
49-->[com.google.firebase:firebase-auth:20.0.3] AndroidManifest.xml:34:25-66
50
51                <category android:name="android.intent.category.DEFAULT" />
51-->[com.google.firebase:firebase-auth:20.0.3] AndroidManifest.xml:36:17-76
51-->[com.google.firebase:firebase-auth:20.0.3] AndroidManifest.xml:36:27-73
52                <category android:name="android.intent.category.BROWSABLE" />
52-->[com.google.firebase:firebase-auth:20.0.3] AndroidManifest.xml:37:17-78
52-->[com.google.firebase:firebase-auth:20.0.3] AndroidManifest.xml:37:27-75
53
54                <data
54-->[com.google.firebase:firebase-auth:20.0.3] AndroidManifest.xml:39:17-42:51
55                    android:host="firebase.auth"
55-->[com.google.firebase:firebase-auth:20.0.3] AndroidManifest.xml:40:21-49
56                    android:path="/"
56-->[com.google.firebase:firebase-auth:20.0.3] AndroidManifest.xml:41:21-37
57                    android:scheme="genericidp" />
57-->[com.google.firebase:firebase-auth:20.0.3] AndroidManifest.xml:42:21-48
58            </intent-filter>
59        </activity>
60        <activity
60-->[com.google.firebase:firebase-auth:20.0.3] AndroidManifest.xml:45:9-62:20
61            android:name="com.google.firebase.auth.internal.RecaptchaActivity"
61-->[com.google.firebase:firebase-auth:20.0.3] AndroidManifest.xml:46:13-79
62            android:excludeFromRecents="true"
62-->[com.google.firebase:firebase-auth:20.0.3] AndroidManifest.xml:47:13-46
63            android:exported="true"
63-->[com.google.firebase:firebase-auth:20.0.3] AndroidManifest.xml:48:13-36
64            android:launchMode="singleTask"
64-->[com.google.firebase:firebase-auth:20.0.3] AndroidManifest.xml:49:13-44
65            android:theme="@android:style/Theme.Translucent.NoTitleBar" >
65-->[com.google.firebase:firebase-auth:20.0.3] AndroidManifest.xml:50:13-72
66            <intent-filter>
66-->[com.google.firebase:firebase-auth:20.0.3] AndroidManifest.xml:51:13-61:29
67                <action android:name="android.intent.action.VIEW" />
67-->[com.google.firebase:firebase-auth:20.0.3] AndroidManifest.xml:34:17-69
67-->[com.google.firebase:firebase-auth:20.0.3] AndroidManifest.xml:34:25-66
68
69                <category android:name="android.intent.category.DEFAULT" />
69-->[com.google.firebase:firebase-auth:20.0.3] AndroidManifest.xml:36:17-76
69-->[com.google.firebase:firebase-auth:20.0.3] AndroidManifest.xml:36:27-73
70                <category android:name="android.intent.category.BROWSABLE" />
70-->[com.google.firebase:firebase-auth:20.0.3] AndroidManifest.xml:37:17-78
70-->[com.google.firebase:firebase-auth:20.0.3] AndroidManifest.xml:37:27-75
71
72                <data
72-->[com.google.firebase:firebase-auth:20.0.3] AndroidManifest.xml:39:17-42:51
73                    android:host="firebase.auth"
73-->[com.google.firebase:firebase-auth:20.0.3] AndroidManifest.xml:40:21-49
74                    android:path="/"
74-->[com.google.firebase:firebase-auth:20.0.3] AndroidManifest.xml:41:21-37
75                    android:scheme="recaptcha" />
75-->[com.google.firebase:firebase-auth:20.0.3] AndroidManifest.xml:42:21-48
76            </intent-filter>
77        </activity>
78
79        <service
79-->[com.google.firebase:firebase-auth:20.0.3] AndroidManifest.xml:64:9-73:19
80            android:name="com.google.firebase.auth.api.fallback.service.FirebaseAuthFallbackService"
80-->[com.google.firebase:firebase-auth:20.0.3] AndroidManifest.xml:65:13-101
81            android:enabled="true"
81-->[com.google.firebase:firebase-auth:20.0.3] AndroidManifest.xml:66:13-35
82            android:exported="false" >
82-->[com.google.firebase:firebase-auth:20.0.3] AndroidManifest.xml:67:13-37
83            <intent-filter>
83-->[com.google.firebase:firebase-auth:20.0.3] AndroidManifest.xml:68:13-72:29
84                <action android:name="com.google.firebase.auth.api.gms.service.START" />
84-->[com.google.firebase:firebase-auth:20.0.3] AndroidManifest.xml:69:17-89
84-->[com.google.firebase:firebase-auth:20.0.3] AndroidManifest.xml:69:25-86
85
86                <category android:name="android.intent.category.DEFAULT" />
86-->[com.google.firebase:firebase-auth:20.0.3] AndroidManifest.xml:36:17-76
86-->[com.google.firebase:firebase-auth:20.0.3] AndroidManifest.xml:36:27-73
87            </intent-filter>
88        </service>
89        <service
89-->[com.google.firebase:firebase-auth:20.0.3] AndroidManifest.xml:74:9-80:19
90            android:name="com.google.firebase.components.ComponentDiscoveryService"
90-->[com.google.firebase:firebase-auth:20.0.3] AndroidManifest.xml:75:13-84
91            android:directBootAware="true"
91-->[com.google.firebase:firebase-common:19.5.0] AndroidManifest.xml:35:13-43
92            android:exported="false" >
92-->[com.google.firebase:firebase-auth:20.0.3] AndroidManifest.xml:76:13-37
93            <meta-data
93-->[com.google.firebase:firebase-auth:20.0.3] AndroidManifest.xml:77:13-79:85
94                android:name="com.google.firebase.components:com.google.firebase.auth.FirebaseAuthRegistrar"
94-->[com.google.firebase:firebase-auth:20.0.3] AndroidManifest.xml:78:17-109
95                android:value="com.google.firebase.components.ComponentRegistrar" />
95-->[com.google.firebase:firebase-auth:20.0.3] AndroidManifest.xml:79:17-82
96            <meta-data
96-->[com.google.android.gms:play-services-measurement-api:18.0.2] AndroidManifest.xml:30:13-32:85
97                android:name="com.google.firebase.components:com.google.firebase.analytics.connector.internal.AnalyticsConnectorRegistrar"
97-->[com.google.android.gms:play-services-measurement-api:18.0.2] AndroidManifest.xml:31:17-139
98                android:value="com.google.firebase.components.ComponentRegistrar" />
98-->[com.google.android.gms:play-services-measurement-api:18.0.2] AndroidManifest.xml:32:17-82
99            <meta-data
99-->[com.google.firebase:firebase-installations:16.3.5] AndroidManifest.xml:18:13-20:85
100                android:name="com.google.firebase.components:com.google.firebase.installations.FirebaseInstallationsRegistrar"
100-->[com.google.firebase:firebase-installations:16.3.5] AndroidManifest.xml:19:17-127
101                android:value="com.google.firebase.components.ComponentRegistrar" />
101-->[com.google.firebase:firebase-installations:16.3.5] AndroidManifest.xml:20:17-82
102            <!--
103                This registrar is not defined in the dynamic-module-support sdk itself to allow non-firebase
104                clients to use it as well, by defining this registrar in their own core/common library.
105            -->
106            <meta-data
106-->[com.google.firebase:firebase-common:19.5.0] AndroidManifest.xml:43:13-45:85
107                android:name="com.google.firebase.components:com.google.firebase.dynamicloading.DynamicLoadingRegistrar"
107-->[com.google.firebase:firebase-common:19.5.0] AndroidManifest.xml:44:17-121
108                android:value="com.google.firebase.components.ComponentRegistrar" />
108-->[com.google.firebase:firebase-common:19.5.0] AndroidManifest.xml:45:17-82
109        </service>
110
111        <provider
111-->[com.google.firebase:firebase-common:19.5.0] AndroidManifest.xml:26:9-31:39
112            android:name="com.google.firebase.provider.FirebaseInitProvider"
112-->[com.google.firebase:firebase-common:19.5.0] AndroidManifest.xml:27:13-77
113            android:authorities="com.example.getfit.firebaseinitprovider"
113-->[com.google.firebase:firebase-common:19.5.0] AndroidManifest.xml:28:13-72
114            android:directBootAware="true"
114-->[com.google.firebase:firebase-common:19.5.0] AndroidManifest.xml:29:13-43
115            android:exported="false"
115-->[com.google.firebase:firebase-common:19.5.0] AndroidManifest.xml:30:13-37
116            android:initOrder="100" />
116-->[com.google.firebase:firebase-common:19.5.0] AndroidManifest.xml:31:13-36
117
118        <activity
118-->[com.google.android.gms:play-services-base:17.1.0] AndroidManifest.xml:23:9-26:75
119            android:name="com.google.android.gms.common.api.GoogleApiActivity"
119-->[com.google.android.gms:play-services-base:17.1.0] AndroidManifest.xml:24:13-79
120            android:exported="false"
120-->[com.google.android.gms:play-services-base:17.1.0] AndroidManifest.xml:25:13-37
121            android:theme="@android:style/Theme.Translucent.NoTitleBar" />
121-->[com.google.android.gms:play-services-base:17.1.0] AndroidManifest.xml:26:13-72
122
123        <receiver
123-->[com.google.android.gms:play-services-measurement:18.0.2] AndroidManifest.xml:29:9-33:20
124            android:name="com.google.android.gms.measurement.AppMeasurementReceiver"
124-->[com.google.android.gms:play-services-measurement:18.0.2] AndroidManifest.xml:30:13-85
125            android:enabled="true"
125-->[com.google.android.gms:play-services-measurement:18.0.2] AndroidManifest.xml:31:13-35
126            android:exported="false" >
126-->[com.google.android.gms:play-services-measurement:18.0.2] AndroidManifest.xml:32:13-37
127        </receiver>
128
129        <service
129-->[com.google.android.gms:play-services-measurement:18.0.2] AndroidManifest.xml:35:9-38:40
130            android:name="com.google.android.gms.measurement.AppMeasurementService"
130-->[com.google.android.gms:play-services-measurement:18.0.2] AndroidManifest.xml:36:13-84
131            android:enabled="true"
131-->[com.google.android.gms:play-services-measurement:18.0.2] AndroidManifest.xml:37:13-35
132            android:exported="false" />
132-->[com.google.android.gms:play-services-measurement:18.0.2] AndroidManifest.xml:38:13-37
133        <service
133-->[com.google.android.gms:play-services-measurement:18.0.2] AndroidManifest.xml:39:9-43:72
134            android:name="com.google.android.gms.measurement.AppMeasurementJobService"
134-->[com.google.android.gms:play-services-measurement:18.0.2] AndroidManifest.xml:40:13-87
135            android:enabled="true"
135-->[com.google.android.gms:play-services-measurement:18.0.2] AndroidManifest.xml:41:13-35
136            android:exported="false"
136-->[com.google.android.gms:play-services-measurement:18.0.2] AndroidManifest.xml:42:13-37
137            android:permission="android.permission.BIND_JOB_SERVICE" />
137-->[com.google.android.gms:play-services-measurement:18.0.2] AndroidManifest.xml:43:13-69
138
139        <meta-data
139-->[com.google.android.gms:play-services-basement:17.1.0] AndroidManifest.xml:23:9-25:69
140            android:name="com.google.android.gms.version"
140-->[com.google.android.gms:play-services-basement:17.1.0] AndroidManifest.xml:24:13-58
141            android:value="@integer/google_play_services_version" />
141-->[com.google.android.gms:play-services-basement:17.1.0] AndroidManifest.xml:25:13-66
142    </application>
143
144</manifest>